<?xml version="1.0" encoding="UTF-8"?>
<!-- Generated by org.testng.reporters.JUnitReportReporter -->
<testsuite hostname="STGIDT-NEW-154" failures="0" tests="5" name="insurancedemoapp.tests.AutomobileInsuranceTest" time="14.206" errors="0" timestamp="2022-02-03T11:32:10 IST" skipped="0">
  <testcase classname="insurancedemoapp.tests.AutomobileInsuranceTest" name="automobileEnterVehicleData" time="2.758"/>
  <system-out/>
  <testcase classname="insurancedemoapp.tests.AutomobileInsuranceTest" name="automobileEnterInsuranceData" time="1.014"/>
  <system-out/>
  <testcase classname="insurancedemoapp.tests.AutomobileInsuranceTest" name="automobileEnterProductData" time="0.854"/>
  <system-out/>
  <testcase classname="insurancedemoapp.tests.AutomobileInsuranceTest" name="automobileSelectPriceOption" time="0.258"/>
  <system-out/>
  <testcase classname="insurancedemoapp.tests.AutomobileInsuranceTest" name="automobileSendQuote" time="9.322"/>
  <system-out/>
</testsuite> <!-- insurancedemoapp.tests.AutomobileInsuranceTest -->
